<?xml version="1.0" encoding="UTF-8"?>
<!-- Generated by org.testng.reporters.JUnitXMLReporter -->
<testsuite ignored="0" hostname="DESKTOP-FHPRAFM" failures="0" tests="3" name="Default test" time="79.294" errors="0" timestamp="2024-04-12T14:36:58 IST">
  <testcase classname="TestNG.CrossBrowserTesting" name="chrome" time="42.313"/>
  <testcase classname="TestNG.CrossBrowserTesting" name="edge" time="15.952"/>
  <testcase classname="TestNG.CrossBrowserTesting" name="firefox" time="20.963"/>
</testsuite> <!-- Default test -->
