<?xml version="1.0" encoding="UTF-8"?>
<!-- Generated by org.testng.reporters.JUnitXMLReporter -->
<testsuite ignored="1" hostname="DESKTOP-FHPRAFM" failures="0" tests="2" name="Test" time="0.085" errors="0" timestamp="2024-04-12T14:34:36 IST">
  <testcase classname="TestNG.IgnoreTest" name="edge" time="0.013"/>
  <testcase classname="TestNG.IgnoreTest" name="opera" time="0.001"/>
  <testcase classname="TestNG.IgnoreTest" name="firefox" time="0.0">
    <ignored/>
  </testcase> <!-- firefox -->
</testsuite> <!-- Test -->
