<?xml version="1.0" encoding="UTF-8"?>
<testng-results ignored="0" total="3" passed="3" failed="0" skipped="0">
  <reporter-output>
  </reporter-output>
  <suite started-at="2024-04-12T14:35:39 IST" name="Default suite" finished-at="2024-04-12T14:36:58 IST" duration-ms="79294">
    <groups>
    </groups>
    <test started-at="2024-04-12T14:35:39 IST" name="Default test" finished-at="2024-04-12T14:36:58 IST" duration-ms="79294">
      <class name="TestNG.CrossBrowserTesting">
        <test-method signature="chrome()[pri:0, instance:TestNG.CrossBrowserTesting@581ac8a8]" started-at="2024-04-12T14:35:39 IST" name="chrome" finished-at="2024-04-12T14:36:21 IST" duration-ms="42313" status="PASS">
          <reporter-output>
          </reporter-output>
        </test-method> <!-- chrome -->
        <test-method signature="edge()[pri:0, instance:TestNG.CrossBrowserTesting@581ac8a8]" started-at="2024-04-12T14:36:21 IST" name="edge" finished-at="2024-04-12T14:36:37 IST" duration-ms="15952" status="PASS">
          <reporter-output>
          </reporter-output>
        </test-method> <!-- edge -->
        <test-method signature="firefox()[pri:0, instance:TestNG.CrossBrowserTesting@581ac8a8]" started-at="2024-04-12T14:36:37 IST" name="firefox" finished-at="2024-04-12T14:36:58 IST" duration-ms="20963" status="PASS">
          <reporter-output>
          </reporter-output>
        </test-method> <!-- firefox -->
      </class> <!-- TestNG.CrossBrowserTesting -->
    </test> <!-- Default test -->
  </suite> <!-- Default suite -->
</testng-results>
